
Source file: L2_6.X68
Assembled on: 16-09-28 at: 20:18:18
          by: X68K PC-2.2 Copyright (c) University of Teesside 1989,96
Defaults: ORG $0/FORMAT/OPT A,BRL,CEX,CL,FRL,MC,MD,NOMEX,NOPCO

    1                        *template
    2                        
    3                        
    4  00008000                        ORG       $8000
    5                        
    6                        *Put Code Here
    7                        
    8  00008000 203CFFFFFFFE           MOVE.L    #-2,D0
    9  00008006 C1FC0009               MULS.W    #9,D0
   10  0000800A 81FC0005               DIVS.W    #5,D0
   11  0000800E 06400020               ADD.W     #32,D0
   12                            
   13                              
   14  00008012 4E4E                   TRAP      #14
   15                         
   16           00008000               END       $8000

Lines: 16, Errors: 0, Warnings: 0.
